2025-04-30 20:45:07,289 - INFO - Iniciando pipeline...
2025-04-30 20:45:09,100 - ERROR - Erro na execução da pipeline: Erro na API: 403: {"error":"Forbidden: API key not found3"}
2025-04-30 21:25:07,083 - INFO - Iniciando pipeline...
2025-04-30 21:25:09,731 - ERROR - Erro na execução da pipeline: No module named 'pymysql'
2025-04-30 21:28:08,733 - INFO - Iniciando pipeline...
2025-04-30 21:28:16,706 - INFO - Dados carregados com sucesso.
2025-04-30 21:28:16,707 - INFO - Pipeline finalizada com sucesso.
2025-05-01 11:18:40,637 - INFO - Iniciando pipeline...
2025-05-01 11:18:49,687 - ERROR - Erro na execução da pipeline: name 'mysql_insert' is not defined
2025-05-01 11:23:34,473 - INFO - Iniciando pipeline...
2025-05-01 11:23:43,653 - INFO - Dados carregados com sucesso.
2025-05-01 11:23:43,654 - INFO - Pipeline finalizada com sucesso.
2025-05-01 12:01:30,120 - INFO - Iniciando pipeline...
2025-05-01 12:01:38,875 - INFO - Dados carregados com sucesso.
2025-05-01 12:01:38,875 - INFO - Pipeline finalizada com sucesso.
2025-05-01 18:35:20,774 - INFO - Iniciando pipeline...
2025-05-01 18:35:29,385 - INFO - Dados carregados com sucesso.
2025-05-01 18:35:29,386 - INFO - Pipeline finalizada com sucesso.
2025-05-01 18:47:56,116 - INFO - Iniciando pipeline...
2025-05-01 18:48:04,886 - INFO - Dados carregados com sucesso.
2025-05-01 18:48:04,887 - INFO - Pipeline finalizada com sucesso.
2025-05-01 19:59:40,365 - INFO - Iniciando pipeline...
2025-05-01 19:59:49,533 - INFO - Dados carregados com sucesso.
2025-05-01 19:59:49,534 - INFO - Pipeline finalizada com sucesso.
